  CApplication.cpp
D:\신중은\Moonlighter_DirectX2D\Engine\CMath.h(16,1): warning C4005: 'XM_CONSTEXPR': 매크로 재정의
C:\Program Files (x86)\Windows Kits\10\Include\10.0.19041.0\um\DirectXMath.h(37): message : 'XM_CONSTEXPR'의 이전 정의를 참조하십시오.
D:\신중은\Moonlighter_DirectX2D\Engine\CTimeMgr.h(24,32): warning C4244: 'return': 'double'에서 'float'(으)로 변환하면서 데이터가 손실될 수 있습니다.
  CGraphicDevice.cpp
D:\신중은\Moonlighter_DirectX2D\Engine\CMath.h(16,1): warning C4005: 'XM_CONSTEXPR': 매크로 재정의
C:\Program Files (x86)\Windows Kits\10\Include\10.0.19041.0\um\DirectXMath.h(37): message : 'XM_CONSTEXPR'의 이전 정의를 참조하십시오.
D:\신중은\Moonlighter_DirectX2D\Engine\CGraphicDevice.cpp(95,25): warning C4101: 'data' :참조되지 않은 지역 변수입니다.
D:\신중은\Moonlighter_DirectX2D\Engine\CGraphicDevice.cpp(119,32): error C2082: 'data' 정식 매개 변수 재정의
  CKeyMgr.cpp
D:\신중은\Moonlighter_DirectX2D\Engine\CMath.h(16,1): warning C4005: 'XM_CONSTEXPR': 매크로 재정의
C:\Program Files (x86)\Windows Kits\10\Include\10.0.19041.0\um\DirectXMath.h(37): message : 'XM_CONSTEXPR'의 이전 정의를 참조하십시오.
D:\신중은\Moonlighter_DirectX2D\Engine\CKeyMgr.cpp(68,63): warning C4244: '인수': 'double'에서 'float'(으)로 변환하면서 데이터가 손실될 수 있습니다.
D:\신중은\Moonlighter_DirectX2D\Engine\CKeyMgr.cpp(68,41): warning C4244: '인수': 'double'에서 'float'(으)로 변환하면서 데이터가 손실될 수 있습니다.
  CMath.cpp
D:\신중은\Moonlighter_DirectX2D\Engine\Header.h(23,21): error C2871: 'Math': 같은 이름을 가진 네임스페이스가 없습니다.
D:\신중은\Moonlighter_DirectX2D\Engine\CMath.h(16,1): warning C4005: 'XM_CONSTEXPR': 매크로 재정의
C:\Program Files (x86)\Windows Kits\10\Include\10.0.19041.0\um\DirectXMath.h(37): message : 'XM_CONSTEXPR'의 이전 정의를 참조하십시오.
  CPathMgr.cpp
D:\신중은\Moonlighter_DirectX2D\Engine\CMath.h(16,1): warning C4005: 'XM_CONSTEXPR': 매크로 재정의
C:\Program Files (x86)\Windows Kits\10\Include\10.0.19041.0\um\DirectXMath.h(37): message : 'XM_CONSTEXPR'의 이전 정의를 참조하십시오.
  CRenderer.cpp
D:\신중은\Moonlighter_DirectX2D\Engine\CMath.h(16,1): warning C4005: 'XM_CONSTEXPR': 매크로 재정의
C:\Program Files (x86)\Windows Kits\10\Include\10.0.19041.0\um\DirectXMath.h(37): message : 'XM_CONSTEXPR'의 이전 정의를 참조하십시오.
  CTimeMgr.cpp
D:\신중은\Moonlighter_DirectX2D\Engine\CMath.h(16,1): warning C4005: 'XM_CONSTEXPR': 매크로 재정의
C:\Program Files (x86)\Windows Kits\10\Include\10.0.19041.0\um\DirectXMath.h(37): message : 'XM_CONSTEXPR'의 이전 정의를 참조하십시오.
D:\신중은\Moonlighter_DirectX2D\Engine\CTimeMgr.h(24,32): warning C4244: 'return': 'double'에서 'float'(으)로 변환하면서 데이터가 손실될 수 있습니다.
  Client.cpp
D:\신중은\Moonlighter_DirectX2D\Engine\CMath.h(16,1): warning C4005: 'XM_CONSTEXPR': 매크로 재정의
C:\Program Files (x86)\Windows Kits\10\Include\10.0.19041.0\um\DirectXMath.h(37): message : 'XM_CONSTEXPR'의 이전 정의를 참조하십시오.
  코드를 생성하고 있습니다...
